# JRE version: OpenJDK Runtime Environment Temurin-21.0.4+7 (21.0.4+7) (build 21.0.4+7-LTS)
# Java VM: OpenJDK 64-Bit Server VM Temurin-21.0.4+7 (21.0.4+7-LTS, mixed mode, emulated-client, tiered, compressed oops, compressed class ptrs, g1 gc, windows-amd64)
GC Precious Log:
 CardTable entry size: 512
 Card Set container configuration: InlinePtr #cards 5 size 8 Array Of Cards #cards 12 size 40 Howl #buckets 4 coarsen threshold 1843 Howl Bitmap #cards 512 size 80 coarsen threshold 460 Card regions per heap region 1 cards per card region 2048
 CPUs: 4 total, 4 available
 Memory: 8108M
 Large Page Support: Disabled
 NUMA Support: Disabled
 Compressed Oops: Enabled (32-bit)
 Heap Region Size: 1M
 Heap Min Capacity: 8M
 Heap Initial Capacity: 128M
 Heap Max Capacity: 2028M
 Pre-touch: Disabled
 Parallel Workers: 4
 Concurrent Workers: 1
 Concurrent Refinement Workers: 4
 Periodic GC: Disabled
Heap:
 garbage-first heap   total 96256K, used 83923K [0x0000000081400000, 0x0000000100000000)
  region size 1024K, 52 young (53248K), 5 survivors (5120K)
 Metaspace       used 82913K, committed 83776K, reserved 1179648K
  class space    used 10842K, committed 11264K, reserved 1048576K
GC Heap History (20 events):
Event: 914.298 GC heap after
{Heap after GC invocations=53 (full 10):
 garbage-first heap   total 96256K, used 27664K [0x0000000081400000, 0x0000000100000000)
  region size 1024K, 0 young (0K), 0 survivors (0K)
 Metaspace       used 82127K, committed 82944K, reserved 1179648K
  class space    used 10754K, committed 11136K, reserved 1048576K
}
Event: 918.677 GC heap before
{Heap before GC invocations=53 (full 10):
 garbage-first heap   total 96256K, used 79888K [0x0000000081400000, 0x0000000100000000)
  region size 1024K, 52 young (53248K), 0 survivors (0K)
 Metaspace       used 82271K, committed 83072K, reserved 1179648K
  class space    used 10770K, committed 11136K, reserved 1048576K
}
Event: 918.703 GC heap after
{Heap after GC invocations=54 (full 10):
 garbage-first heap   total 96256K, used 32374K [0x0000000081400000, 0x0000000100000000)
  region size 1024K, 5 young (5120K), 5 survivors (5120K)
 Metaspace       used 82271K, committed 83072K, reserved 1179648K
  class space    used 10770K, committed 11136K, reserved 1048576K
}
Event: 934.521 GC heap before
{Heap before GC invocations=54 (full 10):
 garbage-first heap   total 96256K, used 51830K [0x0000000081400000, 0x0000000100000000)
  region size 1024K, 25 young (25600K), 5 survivors (5120K)
 Metaspace       used 82322K, committed 83136K, reserved 1179648K
  class space    used 10771K, committed 11136K, reserved 1048576K
}
Event: 934.712 GC heap after
{Heap after GC invocations=55 (full 11):
 garbage-first heap   total 96256K, used 27799K [0x0000000081400000, 0x0000000100000000)
  region size 1024K, 0 young (0K), 0 survivors (0K)
 Metaspace       used 82320K, committed 83136K, reserved 1179648K
  class space    used 10770K, committed 11136K, reserved 1048576K
}
Event: 937.188 GC heap before
{Heap before GC invocations=55 (full 11):
 garbage-first heap   total 96256K, used 80023K [0x0000000081400000, 0x0000000100000000)
  region size 1024K, 52 young (53248K), 0 survivors (0K)
 Metaspace       used 82494K, committed 83328K, reserved 1179648K
  class space    used 10789K, committed 11200K, reserved 1048576K
}
Event: 937.204 GC heap after
{Heap after GC invocations=56 (full 11):
 garbage-first heap   total 96256K, used 32737K [0x0000000081400000, 0x0000000100000000)
  region size 1024K, 5 young (5120K), 5 survivors (5120K)
 Metaspace       used 82494K, committed 83328K, reserved 1179648K
  class space    used 10789K, committed 11200K, reserved 1048576K
}
Event: 1114.317 GC heap before
{Heap before GC invocations=56 (full 11):
 garbage-first heap   total 96256K, used 72673K [0x0000000081400000, 0x0000000100000000)
  region size 1024K, 45 young (46080K), 5 survivors (5120K)
 Metaspace       used 82535K, committed 83392K, reserved 1179648K
  class space    used 10793K, committed 11200K, reserved 1048576K
}
Event: 1114.462 GC heap after
{Heap after GC invocations=57 (full 12):
 garbage-first heap   total 96256K, used 28398K [0x0000000081400000, 0x0000000100000000)
  region size 1024K, 0 young (0K), 0 survivors (0K)
 Metaspace       used 82508K, committed 83392K, reserved 1179648K
  class space    used 10786K, committed 11200K, reserved 1048576K
}
Event: 1146.802 GC heap before
{Heap before GC invocations=57 (full 12):
 garbage-first heap   total 96256K, used 80622K [0x0000000081400000, 0x0000000100000000)
  region size 1024K, 52 young (53248K), 0 survivors (0K)
 Metaspace       used 82675K, committed 83584K, reserved 1179648K
  class space    used 10814K, committed 11264K, reserved 1048576K
}
Event: 1146.825 GC heap after
{Heap after GC invocations=58 (full 12):
 garbage-first heap   total 96256K, used 31470K [0x0000000081400000, 0x0000000100000000)
  region size 1024K, 3 young (3072K), 3 survivors (3072K)
 Metaspace       used 82675K, committed 83584K, reserved 1179648K
  class space    used 10814K, committed 11264K, reserved 1048576K
}
Event: 1179.866 GC heap before
{Heap before GC invocations=58 (full 12):
 garbage-first heap   total 96256K, used 82670K [0x0000000081400000, 0x0000000100000000)
  region size 1024K, 54 young (55296K), 3 survivors (3072K)
 Metaspace       used 82740K, committed 83648K, reserved 1179648K
  class space    used 10822K, committed 11264K, reserved 1048576K
}
Event: 1179.888 GC heap after
{Heap after GC invocations=59 (full 12):
 garbage-first heap   total 96256K, used 34004K [0x0000000081400000, 0x0000000100000000)
  region size 1024K, 6 young (6144K), 6 survivors (6144K)
 Metaspace       used 82740K, committed 83648K, reserved 1179648K
  class space    used 10822K, committed 11264K, reserved 1048576K
}
Event: 1187.030 GC heap before
{Heap before GC invocations=59 (full 12):
 garbage-first heap   total 96256K, used 81108K [0x0000000081400000, 0x0000000100000000)
  region size 1024K, 53 young (54272K), 6 survivors (6144K)
 Metaspace       used 82778K, committed 83648K, reserved 1179648K
  class space    used 10829K, committed 11264K, reserved 1048576K
}
Event: 1187.054 GC heap after
{Heap after GC invocations=60 (full 12):
 garbage-first heap   total 96256K, used 35284K [0x0000000081400000, 0x0000000100000000)
  region size 1024K, 4 young (4096K), 4 survivors (4096K)
 Metaspace       used 82778K, committed 83648K, reserved 1179648K
  class space    used 10829K, committed 11264K, reserved 1048576K
}
Event: 1200.958 GC heap before
{Heap before GC invocations=60 (full 12):
 garbage-first heap   total 96256K, used 83412K [0x0000000081400000, 0x0000000100000000)
  region size 1024K, 52 young (53248K), 4 survivors (4096K)
 Metaspace       used 82835K, committed 83712K, reserved 1179648K
  class space    used 10836K, committed 11264K, reserved 1048576K
}
Event: 1200.979 GC heap after
{Heap after GC invocations=61 (full 12):
 garbage-first heap   total 96256K, used 35853K [0x0000000081400000, 0x0000000100000000)
  region size 1024K, 4 young (4096K), 4 survivors (4096K)
 Metaspace       used 82835K, committed 83712K, reserved 1179648K
  class space    used 10836K, committed 11264K, reserved 1048576K
}
Event: 1219.146 GC heap before
{Heap before GC invocations=62 (full 12):
 garbage-first heap   total 96256K, used 82957K [0x0000000081400000, 0x0000000100000000)
  region size 1024K, 51 young (52224K), 4 survivors (4096K)
 Metaspace       used 82867K, committed 83712K, reserved 1179648K
  class space    used 10836K, committed 11264K, reserved 1048576K
}
Event: 1219.163 GC heap after
{Heap after GC invocations=63 (full 12):
 garbage-first heap   total 96256K, used 35795K [0x0000000081400000, 0x0000000100000000)
  region size 1024K, 4 young (4096K), 4 survivors (4096K)
 Metaspace       used 82867K, committed 83712K, reserved 1179648K
  class space    used 10836K, committed 11264K, reserved 1048576K
}
Event: 1407.838 GC heap before
{Heap before GC invocations=63 (full 12):
 garbage-first heap   total 96256K, used 83923K [0x0000000081400000, 0x0000000100000000)
  region size 1024K, 51 young (52224K), 4 survivors (4096K)
 Metaspace       used 82913K, committed 83776K, reserved 1179648K
  class space    used 10842K, committed 11264K, reserved 1048576K
}

